<?xml version="1.0" encoding="UTF-8"?>
<testng-results skipped="0" failed="0" ignored="0" total="1" passed="1">
  <reporter-output>
  </reporter-output>
  <suite name="Default suite" duration-ms="9891" started-at="2018-07-17T13:22:24Z" finished-at="2018-07-17T13:22:34Z">
    <groups>
    </groups>
    <test name="Default test" duration-ms="9891" started-at="2018-07-17T13:22:24Z" finished-at="2018-07-17T13:22:34Z">
      <class name="Testproject.Mavendemo.AppTest">
        <test-method status="PASS" signature="test()[pri:0, instance:Testproject.Mavendemo.AppTest@3ffc5af1]" name="test" duration-ms="9867" started-at="2018-07-17T13:22:24Z" finished-at="2018-07-17T13:22:34Z">
          <reporter-output>
          </reporter-output>
        </test-method> <!-- test -->
      </class> <!-- Testproject.Mavendemo.AppTest -->
    </test> <!-- Default test -->
  </suite> <!-- Default suite -->
</testng-results>
