<?xml version="1.0" encoding="UTF-8"?>
<!-- Generated by org.testng.reporters.JUnitXMLReporter -->
<testsuite hostname="Shanu-PC" name="Test" tests="1" failures="1" timestamp="19 Jul 2018 09:48:23 GMT" time="0.028" errors="0">
  <testcase name="tc_3" time="0.012" classname="com.test.SecondTest">
    <failure type="java.lang.NullPointerException">
      <![CDATA[java.lang.NullPointerException
	at com.test.SecondTest.tc_3(SecondTest.java:10)
... Removed 24 stack frames]]>
    </failure>
  </testcase> <!-- tc_3 -->
</testsuite> <!-- Test -->
